set -e; avr-gcc -MM -mmcu=atmega8 -I. -std=gnu99 -O0 -gstabs -Wa,-adhlns=biobot.lst -funsigned-char -funsigned-bitfields -fpack-struct -fshort-enums  biobot.c \
	| sed 's,\(.*\)\.o[ :]*,\1.o \1.d : ,g' > biobot.d; \
	[ -s biobot.d ] || rm -f biobot.d

-------- begin --------
avr-gcc (WinAVR 20100110) 4.3.3
Copyright (C) 2008 Free Software Foundation, Inc.
This is free software; see the source for copying conditions.  There is NO
warranty; not even for MERCHANTABILITY or FITNESS FOR A PARTICULAR PURPOSE.


Size before:
biobot.elf  :
section    size      addr
.text      2160         0
.data        50   8388704
.bss        243   8388754
.stab      2004         0
.stabstr   2688         0
Total      7145




Compiling: biobot.c
avr-gcc -c -mmcu=atmega8 -I. -std=gnu99 -O0 -gstabs -Wa,-adhlns=biobot.lst -funsigned-char -funsigned-bitfields -fpack-struct -fshort-enums  biobot.c -o biobot.o

Linking: biobot.elf
avr-gcc -mmcu=atmega8 -I. -std=gnu99 -O0 -gstabs -Wa,-adhlns=biobot.o -funsigned-char -funsigned-bitfields -fpack-struct -fshort-enums  biobot.o  --output biobot.elf -lm -Wl,-Map=biobot.map -Wl,--cref

Creating load file for Flash: biobot.hex
avr-objcopy -O ihex -R .eeprom biobot.elf biobot.hex

Creating load file for EEPROM: biobot.eep
avr-objcopy -j .eeprom --set-section-flags=.eeprom="alloc,load" \
	--change-section-lma .eeprom=0 -O ihex biobot.elf biobot.eep
c:\winavr\bin\avr-objcopy.exe: --change-section-lma .eeprom=0x00000000 never used

Creating Extended Listing: biobot.lss
avr-objdump -h -S biobot.elf > biobot.lss

Creating Symbol Table: biobot.sym
avr-nm -n biobot.elf > biobot.sym

Converting to AVR COFF: biobot.cof
avr-objcopy --debugging --change-section-address .data-0x800000 --change-section-address .bss-0x800000 --change-section-address .noinit-0x800000 --change-section-address .eeprom-0x810000 -O coff-ext-avr biobot.elf biobot.cof   # Extended COFF. Supported in VMLAB from rel. 3.10
Discarding local symbol outside any compilation unit: .do_copy_data_start
Discarding local symbol outside any compilation unit: .do_copy_data_loop
Discarding local symbol outside any compilation unit: .do_clear_bss_start
Discarding local symbol outside any compilation unit: .do_clear_bss_loop
c:\winavr\bin\avr-objcopy.exe: --change-section-vma .eeprom+0xff7f0000 never used
c:\winavr\bin\avr-objcopy.exe: --change-section-lma .eeprom+0xff7f0000 never used
c:\winavr\bin\avr-objcopy.exe: --change-section-vma .noinit+0xff800000 never used
c:\winavr\bin\avr-objcopy.exe: --change-section-lma .noinit+0xff800000 never used

Size after:
biobot.elf  :
section    size      addr
.text      2160         0
.data        50   8388704
.bss        243   8388754
.stab      2004         0
.stabstr   2688         0
Total      7145



Errors: none
-------- end --------

